
Showing logs for build [32mdavesoft1-environment-pipergray-vlcsl-2[0m stage [32mfrom-build-pack[0m and container [32mstep-credential-initializer-plbg7[0m
{"level":"warn","ts":1582025987.8346715,"logger":"fallback-logger","caller":"logging/config.go:69","msg":"Fetch GitHub commit ID from kodata failed: \"ref: refs/heads/0.8.0-**-support-backwards-incompats\" is not a valid GitHub commit ID"}
{"level":"info","ts":1582025987.8451674,"logger":"fallback-logger","caller":"creds-init/main.go:40","msg":"Credentials initialized."}

Showing logs for build [32mdavesoft1-environment-pipergray-vlcsl-2[0m stage [32mfrom-build-pack[0m and container [32mstep-working-dir-initializer-jjgzj[0m
{"level":"warn","ts":1582025988.7605662,"logger":"fallback-logger","caller":"logging/config.go:69","msg":"Fetch GitHub commit ID from kodata failed: open /var/run/ko/HEAD: no such file or directory"}
{"level":"info","ts":1582025988.762604,"logger":"fallback-logger","caller":"bash/main.go:64","msg":"Successfully executed command \"sh -c mkdir -p /workspace/source\"; output "}

Showing logs for build [32mdavesoft1-environment-pipergray-vlcsl-2[0m stage [32mfrom-build-pack[0m and container [32mstep-place-tools[0m

Showing logs for build [32mdavesoft1-environment-pipergray-vlcsl-2[0m stage [32mfrom-build-pack[0m and container [32mstep-git-source-davesoft1-environment-pipergray-vlcsl-nxwm4[0m
{"level":"warn","ts":1582025992.9015727,"logger":"fallback-logger","caller":"logging/config.go:69","msg":"Fetch GitHub commit ID from kodata failed: \"ref: refs/heads/0.8.0-**-support-backwards-incompats\" is not a valid GitHub commit ID"}
{"level":"info","ts":1582025994.0546215,"logger":"fallback-logger","caller":"git/git.go:103","msg":"Successfully cloned https://github.com/DaveSoft1/environment-pipergray-staging.git @ master in path /workspace/source"}

Showing logs for build [32mdavesoft1-environment-pipergray-vlcsl-2[0m stage [32mfrom-build-pack[0m and container [32mstep-git-merge[0m
Using SHAs from PULL_REFS=master:e8746313c275a826d2923e9fc41637999d7c496d,1:855ff4df770a69fd82887df9b4e9add3c345aed2
DEBUG: LC_ALL=C JX_LOG_LEVEL=error git fetch origin --unshallow 855ff4df770a69fd82887df9b4e9add3c345aed2: e8746313c275a826d2923e9fc41637999d7c496d:
DEBUG: ran git fetch --unshallow origin 855ff4df770a69fd82887df9b4e9add3c345aed2: e8746313c275a826d2923e9fc41637999d7c496d: in 
DEBUG: LC_ALL=C JX_LOG_LEVEL=error git branch
DEBUG: LC_ALL=C JX_LOG_LEVEL=error git checkout master
DEBUG: ran git checkout master in 
DEBUG: LC_ALL=C JX_LOG_LEVEL=error git reset --hard e8746313c275a826d2923e9fc41637999d7c496d
DEBUG: ran git reset --hard e8746313c275a826d2923e9fc41637999d7c496d in 
DEBUG: LC_ALL=C JX_LOG_LEVEL=error git clean -fd .
DEBUG: ran clean --force -d . in 
DEBUG: LC_ALL=C JX_LOG_LEVEL=error git merge 855ff4df770a69fd82887df9b4e9add3c345aed2
DEBUG: ran git merge 855ff4df770a69fd82887df9b4e9add3c345aed2 in 
DEBUG: LC_ALL=C JX_LOG_LEVEL=error git log --format=%H%x1f%an%x1f%ae%x1f%cn%x1f%ce%x1f%s%n%b%x1e e8746313c275a826d2923e9fc41637999d7c496d..HEAD
Merged SHA 855ff4df770a69fd82887df9b4e9add3c345aed2 with commit message 'chore: Promote jenkinsx-test to version 0.0.1' into base branch master

Showing logs for build [32mdavesoft1-environment-pipergray-vlcsl-2[0m stage [32mfrom-build-pack[0m and container [32mstep-build-helm-build[0m
WARNING: No $CHART_REPOSITORY defined so using the default value of: http://jenkins-x-chartmuseum:8080
Adding missing Helm repo: storage.googleapis.com https://storage.googleapis.com/chartmuseum.jenkins-x.io
Successfully added Helm repository storage.googleapis.com.
Adding missing Helm repo: jenkins-x-chartmuseum http://jenkins-x-chartmuseum:8080
Successfully added Helm repository jenkins-x-chartmuseum.
WARNING: No $CHART_REPOSITORY defined so using the default value of: http://jenkins-x-chartmuseum:8080
Adding missing Helm repo: chartmuseum.jenkins-x.io http://chartmuseum.jenkins-x.io
Successfully added Helm repository chartmuseum.jenkins-x.io.
